2017-08-09 02:53:59 36 [Note] InnoDB: Using atomics to ref count buffer pool pages
2017-08-09 02:53:59 36 [Note] InnoDB: The InnoDB memory heap is disabled
2017-08-09 02:53:59 36 [Note] InnoDB: Mutexes and rw_locks use GCC atomic builtins
2017-08-09 02:53:59 36 [Note] InnoDB: Memory barrier is not used
2017-08-09 02:53:59 36 [Note] InnoDB: Compressed tables use zlib 1.2.3
2017-08-09 02:53:59 36 [Note] InnoDB: Using Linux native AIO
2017-08-09 02:53:59 36 [Note] InnoDB: Using CPU crc32 instructions
2017-08-09 02:53:59 36 [Note] InnoDB: Initializing buffer pool, size = 128.0M
2017-08-09 02:53:59 36 [Note] InnoDB: Completed initialization of buffer pool
2017-08-09 02:54:00 36 [Note] InnoDB: The first specified data file ./ibdata1 did not exist: a new database to be created!
2017-08-09 02:54:00 36 [Note] InnoDB: Setting file ./ibdata1 size to 12 MB
2017-08-09 02:54:00 36 [Note] InnoDB: Database physically writes the file full: wait...
2017-08-09 02:54:00 36 [Note] InnoDB: Setting log file ./ib_logfile101 size to 48 MB
2017-08-09 02:54:00 36 [Note] InnoDB: Setting log file ./ib_logfile1 size to 48 MB
2017-08-09 02:54:01 36 [Note] InnoDB: Renaming log file ./ib_logfile101 to ./ib_logfile0
2017-08-09 02:54:01 36 [Warning] InnoDB: New log files created, LSN=45781
2017-08-09 02:54:01 36 [Note] InnoDB: Doublewrite buffer not found: creating new
2017-08-09 02:54:01 36 [Note] InnoDB: Doublewrite buffer created
2017-08-09 02:54:01 36 [Note] InnoDB: 128 rollback segment(s) are active.
2017-08-09 02:54:01 36 [Warning] InnoDB: Creating foreign key constraint system tables.
2017-08-09 02:54:01 36 [Note] InnoDB: Foreign key constraint system tables created
2017-08-09 02:54:01 36 [Note] InnoDB: Creating tablespace and datafile system tables.
2017-08-09 02:54:01 36 [Note] InnoDB: Tablespace and datafile system tables created.
2017-08-09 02:54:01 36 [Note] InnoDB: Waiting for purge to start
2017-08-09 02:54:01 36 [Note] InnoDB: 5.6.37 started; log sequence number 0
2017-08-09 02:54:02 36 [Note] Binlog end
2017-08-09 02:54:02 36 [Note] InnoDB: FTS optimize thread exiting.
2017-08-09 02:54:02 36 [Note] InnoDB: Starting shutdown...
2017-08-09 02:54:04 36 [Note] InnoDB: Shutdown completed; log sequence number 1625977
2017-08-09 02:54:04 59 [Note] InnoDB: Using atomics to ref count buffer pool pages
2017-08-09 02:54:04 59 [Note] InnoDB: The InnoDB memory heap is disabled
2017-08-09 02:54:04 59 [Note] InnoDB: Mutexes and rw_locks use GCC atomic builtins
2017-08-09 02:54:04 59 [Note] InnoDB: Memory barrier is not used
2017-08-09 02:54:04 59 [Note] InnoDB: Compressed tables use zlib 1.2.3
2017-08-09 02:54:04 59 [Note] InnoDB: Using Linux native AIO
2017-08-09 02:54:04 59 [Note] InnoDB: Using CPU crc32 instructions
2017-08-09 02:54:04 59 [Note] InnoDB: Initializing buffer pool, size = 128.0M
2017-08-09 02:54:04 59 [Note] InnoDB: Completed initialization of buffer pool
2017-08-09 02:54:04 59 [Note] InnoDB: Highest supported file format is Barracuda.
2017-08-09 02:54:04 59 [Note] InnoDB: 128 rollback segment(s) are active.
2017-08-09 02:54:04 59 [Note] InnoDB: Waiting for purge to start
2017-08-09 02:54:04 59 [Note] InnoDB: 5.6.37 started; log sequence number 1625977
2017-08-09 02:54:06 59 [Note] Binlog end
2017-08-09 02:54:06 59 [Note] InnoDB: FTS optimize thread exiting.
2017-08-09 02:54:06 59 [Note] InnoDB: Starting shutdown...
2017-08-09 02:54:08 59 [Note] InnoDB: Shutdown completed; log sequence number 1625987
2017-08-09 02:54:08 87 [Note] Plugin 'FEDERATED' is disabled.
2017-08-09 02:54:08 87 [Note] InnoDB: Using atomics to ref count buffer pool pages
2017-08-09 02:54:08 87 [Note] InnoDB: The InnoDB memory heap is disabled
2017-08-09 02:54:08 87 [Note] InnoDB: Mutexes and rw_locks use GCC atomic builtins
2017-08-09 02:54:08 87 [Note] InnoDB: Memory barrier is not used
2017-08-09 02:54:08 87 [Note] InnoDB: Compressed tables use zlib 1.2.3
2017-08-09 02:54:08 87 [Note] InnoDB: Using Linux native AIO
2017-08-09 02:54:08 87 [Note] InnoDB: Using CPU crc32 instructions
2017-08-09 02:54:08 87 [Note] InnoDB: Initializing buffer pool, size = 128.0M
2017-08-09 02:54:08 87 [Note] InnoDB: Completed initialization of buffer pool
2017-08-09 02:54:09 87 [Note] InnoDB: Highest supported file format is Barracuda.
2017-08-09 02:54:09 87 [Note] InnoDB: 128 rollback segment(s) are active.
2017-08-09 02:54:09 87 [Note] InnoDB: Waiting for purge to start
2017-08-09 02:54:09 87 [Note] InnoDB: 5.6.37 started; log sequence number 1625987
2017-08-09 02:54:09 87 [Warning] No existing UUID has been found, so we assume that this is the first time that this server has been started. Generating a new UUID: 04016ce2-7cae-11e7-8535-0242ac110004.
2017-08-09 02:54:09 87 [Warning] 'user' entry 'root@51f121c9fe0c' ignored in --skip-name-resolve mode.
2017-08-09 02:54:09 87 [Warning] 'user' entry '@51f121c9fe0c' ignored in --skip-name-resolve mode.
2017-08-09 02:54:09 87 [Warning] 'proxies_priv' entry '@ root@51f121c9fe0c' ignored in --skip-name-resolve mode.
2017-08-09 02:54:09 87 [Note] Event Scheduler: Loaded 0 events
2017-08-09 02:54:09 87 [Note] mysqld: ready for connections.
Version: '5.6.37'  socket: '/var/run/mysqld/mysqld.sock'  port: 0  MySQL Community Server (GPL)
2017-08-09 02:54:21 87 [Warning] 'proxies_priv' entry '@ root@51f121c9fe0c' ignored in --skip-name-resolve mode.
2017-08-09 02:54:21 87 [Note] mysqld: Normal shutdown

2017-08-09 02:54:21 87 [Note] Giving 0 client threads a chance to die gracefully
2017-08-09 02:54:21 87 [Note] Event Scheduler: Purging the queue. 0 events
2017-08-09 02:54:21 87 [Note] Shutting down slave threads
2017-08-09 02:54:21 87 [Note] Forcefully disconnecting 0 remaining clients
2017-08-09 02:54:21 87 [Note] Binlog end
2017-08-09 02:54:21 87 [Note] Shutting down plugin 'partition'
2017-08-09 02:54:21 87 [Note] Shutting down plugin 'INNODB_SYS_DATAFILES'
2017-08-09 02:54:21 87 [Note] Shutting down plugin 'INNODB_SYS_TABLESPACES'
2017-08-09 02:54:21 87 [Note] Shutting down plugin 'INNODB_SYS_FOREIGN_COLS'
2017-08-09 02:54:21 87 [Note] Shutting down plugin 'INNODB_SYS_FOREIGN'
2017-08-09 02:54:21 87 [Note] Shutting down plugin 'INNODB_SYS_FIELDS'
2017-08-09 02:54:21 87 [Note] Shutting down plugin 'INNODB_SYS_COLUMNS'
2017-08-09 02:54:21 87 [Note] Shutting down plugin 'INNODB_SYS_INDEXES'
2017-08-09 02:54:21 87 [Note] Shutting down plugin 'INNODB_SYS_TABLESTATS'
2017-08-09 02:54:21 87 [Note] Shutting down plugin 'INNODB_SYS_TABLES'
2017-08-09 02:54:21 87 [Note] Shutting down plugin 'INNODB_FT_INDEX_TABLE'
2017-08-09 02:54:21 87 [Note] Shutting down plugin 'INNODB_FT_INDEX_CACHE'
2017-08-09 02:54:21 87 [Note] Shutting down plugin 'INNODB_FT_CONFIG'
2017-08-09 02:54:21 87 [Note] Shutting down plugin 'INNODB_FT_BEING_DELETED'
2017-08-09 02:54:21 87 [Note] Shutting down plugin 'INNODB_FT_DELETED'
2017-08-09 02:54:21 87 [Note] Shutting down plugin 'INNODB_FT_DEFAULT_STOPWORD'
2017-08-09 02:54:21 87 [Note] Shutting down plugin 'INNODB_METRICS'
2017-08-09 02:54:21 87 [Note] Shutting down plugin 'INNODB_BUFFER_POOL_STATS'
2017-08-09 02:54:21 87 [Note] Shutting down plugin 'INNODB_BUFFER_PAGE_LRU'
2017-08-09 02:54:21 87 [Note] Shutting down plugin 'INNODB_BUFFER_PAGE'
2017-08-09 02:54:21 87 [Note] Shutting down plugin 'INNODB_CMP_PER_INDEX_RESET'
2017-08-09 02:54:21 87 [Note] Shutting down plugin 'INNODB_CMP_PER_INDEX'
2017-08-09 02:54:21 87 [Note] Shutting down plugin 'INNODB_CMPMEM_RESET'
2017-08-09 02:54:21 87 [Note] Shutting down plugin 'INNODB_CMPMEM'
2017-08-09 02:54:21 87 [Note] Shutting down plugin 'INNODB_CMP_RESET'
2017-08-09 02:54:21 87 [Note] Shutting down plugin 'INNODB_CMP'
2017-08-09 02:54:21 87 [Note] Shutting down plugin 'INNODB_LOCK_WAITS'
2017-08-09 02:54:21 87 [Note] Shutting down plugin 'INNODB_LOCKS'
2017-08-09 02:54:21 87 [Note] Shutting down plugin 'INNODB_TRX'
2017-08-09 02:54:21 87 [Note] Shutting down plugin 'InnoDB'
2017-08-09 02:54:21 87 [Note] InnoDB: FTS optimize thread exiting.
2017-08-09 02:54:21 87 [Note] InnoDB: Starting shutdown...
2017-08-09 02:54:22 87 [Note] InnoDB: Shutdown completed; log sequence number 1625997
2017-08-09 02:54:22 87 [Note] Shutting down plugin 'BLACKHOLE'
2017-08-09 02:54:22 87 [Note] Shutting down plugin 'ARCHIVE'
2017-08-09 02:54:22 87 [Note] Shutting down plugin 'PERFORMANCE_SCHEMA'
2017-08-09 02:54:22 87 [Note] Shutting down plugin 'MEMORY'
2017-08-09 02:54:22 87 [Note] Shutting down plugin 'MyISAM'
2017-08-09 02:54:22 87 [Note] Shutting down plugin 'MRG_MYISAM'
2017-08-09 02:54:22 87 [Note] Shutting down plugin 'CSV'
2017-08-09 02:54:22 87 [Note] Shutting down plugin 'sha256_password'
2017-08-09 02:54:22 87 [Note] Shutting down plugin 'mysql_old_password'
2017-08-09 02:54:22 87 [Note] Shutting down plugin 'mysql_native_password'
2017-08-09 02:54:22 87 [Note] Shutting down plugin 'binlog'
2017-08-09 02:54:22 87 [Note] mysqld: Shutdown complete

2017-08-09 02:54:23 1 [Note] Plugin 'FEDERATED' is disabled.
2017-08-09 02:54:23 1 [Note] InnoDB: Using atomics to ref count buffer pool pages
2017-08-09 02:54:23 1 [Note] InnoDB: The InnoDB memory heap is disabled
2017-08-09 02:54:23 1 [Note] InnoDB: Mutexes and rw_locks use GCC atomic builtins
2017-08-09 02:54:23 1 [Note] InnoDB: Memory barrier is not used
2017-08-09 02:54:23 1 [Note] InnoDB: Compressed tables use zlib 1.2.3
2017-08-09 02:54:23 1 [Note] InnoDB: Using Linux native AIO
2017-08-09 02:54:23 1 [Note] InnoDB: Using CPU crc32 instructions
2017-08-09 02:54:23 1 [Note] InnoDB: Initializing buffer pool, size = 128.0M
2017-08-09 02:54:23 1 [Note] InnoDB: Completed initialization of buffer pool
2017-08-09 02:54:23 1 [Note] InnoDB: Highest supported file format is Barracuda.
2017-08-09 02:54:23 1 [Note] InnoDB: 128 rollback segment(s) are active.
2017-08-09 02:54:23 1 [Note] InnoDB: Waiting for purge to start
2017-08-09 02:54:23 1 [Note] InnoDB: 5.6.37 started; log sequence number 1625997
2017-08-09 02:54:23 1 [Note] Server hostname (bind-address): '*'; port: 3306
2017-08-09 02:54:23 1 [Note] IPv6 is available.
2017-08-09 02:54:23 1 [Note]   - '::' resolves to '::';
2017-08-09 02:54:23 1 [Note] Server socket created on IP: '::'.
2017-08-09 02:54:23 1 [Warning] 'proxies_priv' entry '@ root@51f121c9fe0c' ignored in --skip-name-resolve mode.
2017-08-09 02:54:23 1 [Note] Event Scheduler: Loaded 0 events
2017-08-09 02:54:23 1 [Note] mysqld: ready for connections.
Version: '5.6.37'  socket: '/var/run/mysqld/mysqld.sock'  port: 3306  MySQL Community Server (GPL)
